生成启动时间为 2018/2/14 11:39:04。
     1>项目“C:\files\VC++\MonteCarlo\MonteCarlo.vcxproj”在节点 2 上(build 个目标)。
     1>InitializeBuildStatus:
         正在创建“Debug\MonteCarlo.unsuccessfulbuild”，因为已指定“AlwaysCreate”。
       ClCompile:
         C:\Program Files (x86)\Microsoft Visual Studio 10.0\VC\bin\CL.exe /c /ZI /nologo /W3 /WX- /Od /Oy- /D WIN32 /D _DEBUG /D _CONSOLE /D _UNICODE /D UNICODE /Gm /EHsc /RTC1 /MDd /GS /fp:precise /Zc:wchar_t /Zc:forScope /Fo"Debug\\" /Fd"Debug\vc100.pdb" /Gd /TP /analyze- /errorReport:prompt Ambient.cpp AreaLight.cpp AreaLighting.cpp BBox.cpp BRDF.cpp Camera.cpp Emissive.cpp GeometricObject.cpp GlossyReflector.cpp GlossySpecular.cpp Lambertian.cpp Light.cpp Material.cpp Maths.cpp Matrix.cpp Matte.cpp Mesh.cpp MeshTriangle.cpp Model.cpp MultiJittered.cpp Normal.cpp Phong.cpp Pinhole.cpp Point2D.cpp Point3D.cpp Point3Dold.cpp RGBColor.cpp Ray.cpp RayCast.cpp Rectangle.cpp Regular.cpp Sampler.cpp ShadeRec.cpp Sphere.cpp Tracer.cpp Triangle.cpp Vector3D.cpp ViewPlane.cpp World.cpp main.cpp test.cpp
         main.cpp
     1>c:\files\vc++\montecarlo\constants.h(20): warning C4305: “初始化”: 从“double”到“const float”截断
     1>c:\files\vc++\montecarlo\maths.h(82): warning C4244: “参数”: 从“int”转换到“float”，可能丢失数据
     1>c:\files\vc++\montecarlo\glossyspecular.h(92): warning C4244: “参数”: 从“double”转换到“const float”，可能丢失数据
     1>c:\files\vc++\montecarlo\glossyspecular.h(99): warning C4244: “参数”: 从“double”转换到“const float”，可能丢失数据
         World.cpp
     1>c:\files\vc++\montecarlo\constants.h(20): warning C4305: “初始化”: 从“double”到“const float”截断
     1>c:\files\vc++\montecarlo\maths.h(82): warning C4244: “参数”: 从“int”转换到“float”，可能丢失数据
     1>c:\files\vc++\montecarlo\glossyspecular.h(92): warning C4244: “参数”: 从“double”转换到“const float”，可能丢失数据
     1>c:\files\vc++\montecarlo\glossyspecular.h(99): warning C4244: “参数”: 从“double”转换到“const float”，可能丢失数据
     1>c:\files\vc++\montecarlo\world.cpp(70): warning C4305: “参数”: 从“double”到“float”截断
     1>c:\files\vc++\montecarlo\world.cpp(78): warning C4305: “参数”: 从“double”到“float”截断
     1>c:\files\vc++\montecarlo\world.cpp(78): warning C4305: “参数”: 从“double”到“float”截断
     1>c:\files\vc++\montecarlo\world.cpp(78): warning C4305: “参数”: 从“double”到“float”截断
     1>c:\files\vc++\montecarlo\world.cpp(81): warning C4305: “参数”: 从“double”到“float”截断
     1>c:\files\vc++\montecarlo\world.cpp(81): warning C4305: “参数”: 从“double”到“float”截断
     1>c:\files\vc++\montecarlo\world.cpp(81): warning C4305: “参数”: 从“double”到“float”截断
     1>c:\files\vc++\montecarlo\world.cpp(86): warning C4305: “参数”: 从“double”到“float”截断
     1>c:\files\vc++\montecarlo\world.cpp(86): warning C4305: “参数”: 从“double”到“float”截断
     1>c:\files\vc++\montecarlo\world.cpp(86): warning C4305: “参数”: 从“double”到“float”截断
     1>c:\files\vc++\montecarlo\world.cpp(173): warning C4305: “参数”: 从“double”到“float”截断
     1>c:\files\vc++\montecarlo\world.cpp(184): warning C4305: “参数”: 从“double”到“float”截断
     1>c:\files\vc++\montecarlo\world.cpp(195): warning C4305: “参数”: 从“double”到“float”截断
     1>c:\files\vc++\montecarlo\world.cpp(206): warning C4305: “参数”: 从“double”到“float”截断
     1>c:\files\vc++\montecarlo\world.cpp(241): warning C4305: “参数”: 从“double”到“float”截断
     1>c:\files\vc++\montecarlo\world.cpp(241): warning C4305: “参数”: 从“double”到“float”截断
     1>c:\files\vc++\montecarlo\world.cpp(242): warning C4305: “参数”: 从“double”到“float”截断
     1>c:\files\vc++\montecarlo\world.cpp(312): warning C4244: “初始化”: 从“const double”转换到“float”，可能丢失数据
     1>c:\files\vc++\montecarlo\world.cpp(318): warning C4244: “=”: 从“double”转换到“float”，可能丢失数据
         Vector3D.cpp
     1>c:\files\vc++\montecarlo\vector3d.cpp(74): warning C4244: “参数”: 从“double”转换到“float”，可能丢失数据
         Normal.cpp
         Matrix.cpp
         GeometricObject.cpp
     1>c:\files\vc++\montecarlo\constants.h(20): warning C4305: “初始化”: 从“double”到“const float”截断
     1>c:\files\vc++\montecarlo\maths.h(82): warning C4244: “参数”: 从“int”转换到“float”，可能丢失数据
         正在生成代码...
         正在编译...
         test.cpp
     1>c:\files\vc++\montecarlo\constants.h(20): warning C4305: “初始化”: 从“double”到“const float”截断
     1>c:\files\vc++\montecarlo\maths.h(82): warning C4244: “参数”: 从“int”转换到“float”，可能丢失数据
     1>c:\files\vc++\montecarlo\glossyspecular.h(92): warning C4244: “参数”: 从“double”转换到“const float”，可能丢失数据
     1>c:\files\vc++\montecarlo\glossyspecular.h(99): warning C4244: “参数”: 从“double”转换到“const float”，可能丢失数据
     1>c:\files\vc++\montecarlo\test.cpp(350): warning C4244: “参数”: 从“double”转换到“int”，可能丢失数据
     1>c:\files\vc++\montecarlo\test.cpp(513): warning C4305: “参数”: 从“double”到“float”截断
     1>c:\files\vc++\montecarlo\test.cpp(516): warning C4305: “参数”: 从“double”到“float”截断
         ViewPlane.cpp
     1>c:\files\vc++\montecarlo\constants.h(20): warning C4305: “初始化”: 从“double”到“const float”截断
     1>c:\files\vc++\montecarlo\maths.h(82): warning C4244: “参数”: 从“int”转换到“float”，可能丢失数据
         Triangle.cpp
     1>c:\files\vc++\montecarlo\constants.h(20): warning C4305: “初始化”: 从“double”到“const float”截断
     1>c:\files\vc++\montecarlo\maths.h(82): warning C4244: “参数”: 从“int”转换到“float”，可能丢失数据
         Tracer.cpp
     1>c:\files\vc++\montecarlo\constants.h(20): warning C4305: “初始化”: 从“double”到“const float”截断
     1>c:\files\vc++\montecarlo\maths.h(82): warning C4244: “参数”: 从“int”转换到“float”，可能丢失数据
     1>c:\files\vc++\montecarlo\glossyspecular.h(92): warning C4244: “参数”: 从“double”转换到“const float”，可能丢失数据
     1>c:\files\vc++\montecarlo\glossyspecular.h(99): warning C4244: “参数”: 从“double”转换到“const float”，可能丢失数据
         Sphere.cpp
     1>c:\files\vc++\montecarlo\constants.h(20): warning C4305: “初始化”: 从“double”到“const float”截断
     1>c:\files\vc++\montecarlo\maths.h(82): warning C4244: “参数”: 从“int”转换到“float”，可能丢失数据
         ShadeRec.cpp
     1>c:\files\vc++\montecarlo\constants.h(20): warning C4305: “初始化”: 从“double”到“const float”截断
     1>c:\files\vc++\montecarlo\shaderec.cpp(40): warning C4150: 删除指向不完整“Material”类型的指针；没有调用析构函数
                 c:\files\vc++\montecarlo\shaderec.h(12) : 参见“Material”的声明
         Sampler.cpp
     1>c:\files\vc++\montecarlo\constants.h(20): warning C4305: “初始化”: 从“double”到“const float”截断
     1>c:\files\vc++\montecarlo\maths.h(82): warning C4244: “参数”: 从“int”转换到“float”，可能丢失数据
     1>c:\files\vc++\montecarlo\sampler.cpp(77): warning C4244: “初始化”: 从“double”转换到“float”，可能丢失数据
     1>c:\files\vc++\montecarlo\sampler.cpp(91): warning C4244: “初始化”: 从“double”转换到“float”，可能丢失数据
     1>c:\files\vc++\montecarlo\sampler.cpp(131): warning C4244: “=”: 从“double”转换到“float”，可能丢失数据
     1>c:\files\vc++\montecarlo\sampler.cpp(132): warning C4244: “=”: 从“double”转换到“float”，可能丢失数据
     1>c:\files\vc++\montecarlo\sampler.cpp(135): warning C4244: “=”: 从“double”转换到“float”，可能丢失数据
     1>c:\files\vc++\montecarlo\sampler.cpp(136): warning C4244: “=”: 从“double”转换到“float”，可能丢失数据
     1>c:\files\vc++\montecarlo\sampler.cpp(141): warning C4244: “=”: 从“double”转换到“float”，可能丢失数据
     1>c:\files\vc++\montecarlo\sampler.cpp(142): warning C4244: “=”: 从“double”转换到“float”，可能丢失数据
     1>c:\files\vc++\montecarlo\sampler.cpp(145): warning C4244: “=”: 从“double”转换到“float”，可能丢失数据
     1>c:\files\vc++\montecarlo\sampler.cpp(147): warning C4244: “=”: 从“double”转换到“float”，可能丢失数据
     1>c:\files\vc++\montecarlo\sampler.cpp(153): warning C4244: “*=”: 从“const double”转换到“float”，可能丢失数据
     1>c:\files\vc++\montecarlo\sampler.cpp(168): warning C4244: “初始化”: 从“double”转换到“float”，可能丢失数据
     1>c:\files\vc++\montecarlo\sampler.cpp(169): warning C4244: “初始化”: 从“double”转换到“float”，可能丢失数据
     1>c:\files\vc++\montecarlo\sampler.cpp(170): warning C4244: “初始化”: 从“double”转换到“float”，可能丢失数据
     1>c:\files\vc++\montecarlo\sampler.cpp(171): warning C4244: “初始化”: 从“double”转换到“float”，可能丢失数据
     1>c:\files\vc++\montecarlo\sampler.cpp(188): warning C4244: “=”: 从“double”转换到“float”，可能丢失数据
     1>c:\files\vc++\montecarlo\sampler.cpp(189): warning C4244: “=”: 从“double”转换到“float”，可能丢失数据
     1>c:\files\vc++\montecarlo\sampler.cpp(190): warning C4244: “=”: 从“double”转换到“float”，可能丢失数据
     1>c:\files\vc++\montecarlo\sampler.cpp(191): warning C4244: “=”: 从“double”转换到“float”，可能丢失数据
     1>c:\files\vc++\montecarlo\sampler.cpp(192): warning C4244: “=”: 从“const double”转换到“float”，可能丢失数据
         Regular.cpp
     1>c:\files\vc++\montecarlo\constants.h(20): warning C4305: “初始化”: 从“double”到“const float”截断
     1>c:\files\vc++\montecarlo\maths.h(82): warning C4244: “参数”: 从“int”转换到“float”，可能丢失数据
         Rectangle.cpp
     1>c:\files\vc++\montecarlo\constants.h(20): warning C4305: “初始化”: 从“double”到“const float”截断
     1>c:\files\vc++\montecarlo\maths.h(82): warning C4244: “参数”: 从“int”转换到“float”，可能丢失数据
     1>c:\files\vc++\montecarlo\rectangle.cpp(13): warning C4244: “初始化”: 从“double”转换到“float”，可能丢失数据
     1>c:\files\vc++\montecarlo\rectangle.cpp(13): warning C4244: “初始化”: 从“double”转换到“float”，可能丢失数据
     1>c:\files\vc++\montecarlo\rectangle.cpp(21): warning C4244: “初始化”: 从“double”转换到“float”，可能丢失数据
     1>c:\files\vc++\montecarlo\rectangle.cpp(21): warning C4244: “初始化”: 从“double”转换到“float”，可能丢失数据
         RayCast.cpp
     1>c:\files\vc++\montecarlo\constants.h(20): warning C4305: “初始化”: 从“double”到“const float”截断
     1>c:\files\vc++\montecarlo\maths.h(82): warning C4244: “参数”: 从“int”转换到“float”，可能丢失数据
     1>c:\files\vc++\montecarlo\glossyspecular.h(92): warning C4244: “参数”: 从“double”转换到“const float”，可能丢失数据
     1>c:\files\vc++\montecarlo\glossyspecular.h(99): warning C4244: “参数”: 从“double”转换到“const float”，可能丢失数据
         Ray.cpp
         Point3D.cpp
         Point2D.cpp
         Pinhole.cpp
     1>c:\files\vc++\montecarlo\constants.h(20): warning C4305: “初始化”: 从“double”到“const float”截断
     1>c:\files\vc++\montecarlo\maths.h(82): warning C4244: “参数”: 从“int”转换到“float”，可能丢失数据
     1>c:\files\vc++\montecarlo\glossyspecular.h(92): warning C4244: “参数”: 从“double”转换到“const float”，可能丢失数据
     1>c:\files\vc++\montecarlo\glossyspecular.h(99): warning C4244: “参数”: 从“double”转换到“const float”，可能丢失数据
     1>c:\files\vc++\montecarlo\pinhole.cpp(72): warning C4244: “参数”: 从“int”转换到“const float”，可能丢失数据
         Phong.cpp
     1>c:\files\vc++\montecarlo\constants.h(20): warning C4305: “初始化”: 从“double”到“const float”截断
     1>c:\files\vc++\montecarlo\maths.h(82): warning C4244: “参数”: 从“int”转换到“float”，可能丢失数据
     1>c:\files\vc++\montecarlo\glossyspecular.h(92): warning C4244: “参数”: 从“double”转换到“const float”，可能丢失数据
     1>c:\files\vc++\montecarlo\glossyspecular.h(99): warning C4244: “参数”: 从“double”转换到“const float”，可能丢失数据
     1>c:\files\vc++\montecarlo\phong.cpp(87): warning C4244: “初始化”: 从“double”转换到“float”，可能丢失数据
         MultiJittered.cpp
     1>c:\files\vc++\montecarlo\constants.h(20): warning C4305: “初始化”: 从“double”到“const float”截断
     1>c:\files\vc++\montecarlo\maths.h(82): warning C4244: “参数”: 从“int”转换到“float”，可能丢失数据
     1>c:\files\vc++\montecarlo\multijittered.cpp(51): warning C4244: “初始化”: 从“double”转换到“float”，可能丢失数据
     1>c:\files\vc++\montecarlo\multijittered.cpp(70): warning C4244: “初始化”: 从“double”转换到“float”，可能丢失数据
     1>c:\files\vc++\montecarlo\multijittered.cpp(81): warning C4244: “初始化”: 从“double”转换到“float”，可能丢失数据
         MeshTriangle.cpp
     1>c:\files\vc++\montecarlo\constants.h(20): warning C4305: “初始化”: 从“double”到“const float”截断
     1>c:\files\vc++\montecarlo\maths.h(82): warning C4244: “参数”: 从“int”转换到“float”，可能丢失数据
         Mesh.cpp
         Matte.cpp
     1>c:\files\vc++\montecarlo\constants.h(20): warning C4305: “初始化”: 从“double”到“const float”截断
     1>c:\files\vc++\montecarlo\maths.h(82): warning C4244: “参数”: 从“int”转换到“float”，可能丢失数据
     1>c:\files\vc++\montecarlo\glossyspecular.h(92): warning C4244: “参数”: 从“double”转换到“const float”，可能丢失数据
     1>c:\files\vc++\montecarlo\glossyspecular.h(99): warning C4244: “参数”: 从“double”转换到“const float”，可能丢失数据
     1>c:\files\vc++\montecarlo\matte.cpp(68): warning C4244: “初始化”: 从“double”转换到“float”，可能丢失数据
     1>c:\files\vc++\montecarlo\matte.cpp(94): warning C4244: “初始化”: 从“double”转换到“float”，可能丢失数据
         Material.cpp
     1>c:\files\vc++\montecarlo\constants.h(20): warning C4305: “初始化”: 从“double”到“const float”截断
         正在生成代码...
         正在编译...
         Light.cpp
     1>c:\files\vc++\montecarlo\constants.h(20): warning C4305: “初始化”: 从“double”到“const float”截断
         Lambertian.cpp
     1>c:\files\vc++\montecarlo\constants.h(20): warning C4305: “初始化”: 从“double”到“const float”截断
     1>c:\files\vc++\montecarlo\maths.h(82): warning C4244: “参数”: 从“int”转换到“float”，可能丢失数据
     1>c:\files\vc++\montecarlo\lambertian.cpp(42): warning C4244: “参数”: 从“const double”转换到“const float”，可能丢失数据
     1>c:\files\vc++\montecarlo\lambertian.cpp(57): warning C4244: “=”: 从“double”转换到“float”，可能丢失数据
     1>c:\files\vc++\montecarlo\lambertian.cpp(59): warning C4244: “参数”: 从“const double”转换到“const float”，可能丢失数据
         GlossySpecular.cpp
     1>c:\files\vc++\montecarlo\constants.h(20): warning C4305: “初始化”: 从“double”到“const float”截断
     1>c:\files\vc++\montecarlo\maths.h(82): warning C4244: “参数”: 从“int”转换到“float”，可能丢失数据
     1>c:\files\vc++\montecarlo\glossyspecular.h(92): warning C4244: “参数”: 从“double”转换到“const float”，可能丢失数据
     1>c:\files\vc++\montecarlo\glossyspecular.h(99): warning C4244: “参数”: 从“double”转换到“const float”，可能丢失数据
     1>c:\files\vc++\montecarlo\glossyspecular.cpp(36): warning C4244: “初始化”: 从“double”转换到“float”，可能丢失数据
     1>c:\files\vc++\montecarlo\glossyspecular.cpp(38): warning C4244: “初始化”: 从“double”转换到“float”，可能丢失数据
     1>c:\files\vc++\montecarlo\glossyspecular.cpp(48): warning C4244: “初始化”: 从“double”转换到“float”，可能丢失数据
     1>c:\files\vc++\montecarlo\glossyspecular.cpp(62): warning C4244: “初始化”: 从“double”转换到“float”，可能丢失数据
     1>c:\files\vc++\montecarlo\glossyspecular.cpp(63): warning C4244: “=”: 从“double”转换到“float”，可能丢失数据
         GlossyReflector.cpp
     1>c:\files\vc++\montecarlo\constants.h(20): warning C4305: “初始化”: 从“double”到“const float”截断
     1>c:\files\vc++\montecarlo\maths.h(82): warning C4244: “参数”: 从“int”转换到“float”，可能丢失数据
     1>c:\files\vc++\montecarlo\glossyspecular.h(92): warning C4244: “参数”: 从“double”转换到“const float”，可能丢失数据
     1>c:\files\vc++\montecarlo\glossyspecular.h(99): warning C4244: “参数”: 从“double”转换到“const float”，可能丢失数据
     1>c:\files\vc++\montecarlo\glossyreflector.cpp(49): warning C4244: “参数”: 从“double”转换到“const float”，可能丢失数据
         Emissive.cpp
     1>c:\files\vc++\montecarlo\constants.h(20): warning C4305: “初始化”: 从“double”到“const float”截断
     1>c:\files\vc++\montecarlo\maths.h(82): warning C4244: “参数”: 从“int”转换到“float”，可能丢失数据
     1>c:\files\vc++\montecarlo\glossyspecular.h(92): warning C4244: “参数”: 从“double”转换到“const float”，可能丢失数据
     1>c:\files\vc++\montecarlo\glossyspecular.h(99): warning C4244: “参数”: 从“double”转换到“const float”，可能丢失数据
         Camera.cpp
         BRDF.cpp
     1>c:\files\vc++\montecarlo\constants.h(20): warning C4305: “初始化”: 从“double”到“const float”截断
     1>c:\files\vc++\montecarlo\maths.h(82): warning C4244: “参数”: 从“int”转换到“float”，可能丢失数据
         BBox.cpp
     1>c:\files\vc++\montecarlo\constants.h(20): warning C4305: “初始化”: 从“double”到“const float”截断
         AreaLighting.cpp
     1>c:\files\vc++\montecarlo\constants.h(20): warning C4305: “初始化”: 从“double”到“const float”截断
     1>c:\files\vc++\montecarlo\maths.h(82): warning C4244: “参数”: 从“int”转换到“float”，可能丢失数据
     1>c:\files\vc++\montecarlo\glossyspecular.h(92): warning C4244: “参数”: 从“double”转换到“const float”，可能丢失数据
     1>c:\files\vc++\montecarlo\glossyspecular.h(99): warning C4244: “参数”: 从“double”转换到“const float”，可能丢失数据
         AreaLight.cpp
     1>c:\files\vc++\montecarlo\constants.h(20): warning C4305: “初始化”: 从“double”到“const float”截断
     1>c:\files\vc++\montecarlo\maths.h(82): warning C4244: “参数”: 从“int”转换到“float”，可能丢失数据
     1>c:\files\vc++\montecarlo\glossyspecular.h(92): warning C4244: “参数”: 从“double”转换到“const float”，可能丢失数据
     1>c:\files\vc++\montecarlo\glossyspecular.h(99): warning C4244: “参数”: 从“double”转换到“const float”，可能丢失数据
     1>c:\files\vc++\montecarlo\arealight.cpp(89): warning C4244: “初始化”: 从“double”转换到“float”，可能丢失数据
     1>c:\files\vc++\montecarlo\arealight.cpp(90): warning C4244: “初始化”: 从“double”转换到“float”，可能丢失数据
     1>c:\files\vc++\montecarlo\arealight.cpp(104): warning C4244: “初始化”: 从“double”转换到“float”，可能丢失数据
     1>c:\files\vc++\montecarlo\arealight.cpp(117): warning C4244: “初始化”: 从“double”转换到“float”，可能丢失数据
         Ambient.cpp
     1>c:\files\vc++\montecarlo\constants.h(20): warning C4305: “初始化”: 从“double”到“const float”截断
         正在生成代码...
     1>c:\files\vc++\montecarlo\glossyreflector.cpp(37): warning C4715: “GlossyReflector::operator=”: 不是所有的控件路径都返回值
         正在跳过...(未检测到相关更改)
         Point3Dold.cpp
         RGBColor.cpp
         Model.cpp
         Maths.cpp
       ManifestResourceCompile:
         所有输出均为最新。
       Link:
         C:\Program Files (x86)\Microsoft Visual Studio 10.0\VC\bin\link.exe /ERRORREPORT:PROMPT /OUT:"C:\files\VC++\MonteCarlo\Debug\MonteCarlo.exe" /INCREMENTAL /NOLOGO kernel32.lib user32.lib gdi32.lib winspool.lib comdlg32.lib advapi32.lib shell32.lib ole32.lib oleaut32.lib uuid.lib odbc32.lib odbccp32.lib /MANIFEST /ManifestFile:"Debug\MonteCarlo.exe.intermediate.manifest" /MANIFESTUAC:"level='asInvoker' uiAccess='false'" /DEBUG /PDB:"C:\files\VC++\MonteCarlo\Debug\MonteCarlo.pdb" /SUBSYSTEM:CONSOLE /TLBID:1 /DYNAMICBASE /NXCOMPAT /IMPLIB:"C:\files\VC++\MonteCarlo\Debug\MonteCarlo.lib" /MACHINE:X86 Debug\MonteCarlo.exe.embed.manifest.res
         Debug\Ambient.obj
         Debug\AreaLight.obj
         Debug\AreaLighting.obj
         Debug\BBox.obj
         Debug\BRDF.obj
         Debug\Camera.obj
         Debug\Emissive.obj
         Debug\GeometricObject.obj
         Debug\GlossyReflector.obj
         Debug\GlossySpecular.obj
         Debug\Lambertian.obj
         Debug\Light.obj
         Debug\main.obj
         Debug\Material.obj
         Debug\Maths.obj
         Debug\Matrix.obj
         Debug\Matte.obj
         Debug\Mesh.obj
         Debug\MeshTriangle.obj
         Debug\Model.obj
         Debug\MultiJittered.obj
         Debug\Normal.obj
         Debug\Phong.obj
         Debug\Pinhole.obj
         Debug\Point2D.obj
         Debug\Point3D.obj
         Debug\Point3Dold.obj
         Debug\Ray.obj
         Debug\RayCast.obj
         Debug\Rectangle.obj
         Debug\Regular.obj
         Debug\Result.obj
         Debug\RGBColor.obj
         Debug\Sampler.obj
         Debug\ShadeRec.obj
         Debug\Sphere.obj
         Debug\test.obj
         Debug\Tracer.obj
         Debug\Triangle.obj
         Debug\Vector3D.obj
         Debug\ViewPlane.obj
         Debug\World.obj
       Manifest:
         C:\Program Files (x86)\Microsoft SDKs\Windows\v7.0A\bin\mt.exe /nologo /verbose /out:"Debug\MonteCarlo.exe.embed.manifest" /manifest Debug\MonteCarlo.exe.intermediate.manifest
         所有输出均为最新。
       LinkEmbedManifest:
         所有输出均为最新。
         MonteCarlo.vcxproj -> C:\files\VC++\MonteCarlo\Debug\MonteCarlo.exe
       FinalizeBuildStatus:
         正在删除文件“Debug\MonteCarlo.unsuccessfulbuild”。
         正在对“Debug\MonteCarlo.lastbuildstate”执行 Touch 任务。
     1>已完成生成项目“C:\files\VC++\MonteCarlo\MonteCarlo.vcxproj”(build 个目标)的操作。

生成成功。

已用时间 00:00:14.78
